
Showing logs for build [32msdaschner-jenkins-x-quickstart-9xqwp-6[0m stage [32mfrom-build-pack[0m and container [32mstep-credential-initializer-wwjsh[0m
{"level":"warn","ts":1569306767.4085817,"logger":"fallback-logger","caller":"logging/config.go:69","msg":"Fetch GitHub commit ID from kodata failed: \"ref: refs/heads/master\" is not a valid GitHub commit ID"}
{"level":"info","ts":1569306767.4091098,"logger":"fallback-logger","caller":"creds-init/main.go:40","msg":"Credentials initialized."}

Showing logs for build [32msdaschner-jenkins-x-quickstart-9xqwp-6[0m stage [32mfrom-build-pack[0m and container [32mstep-working-dir-initializer-r8m4x[0m
{"level":"warn","ts":1569306768.332165,"logger":"fallback-logger","caller":"logging/config.go:69","msg":"Fetch GitHub commit ID from kodata failed: open /var/run/ko/HEAD: no such file or directory"}
{"level":"info","ts":1569306768.3333879,"logger":"fallback-logger","caller":"bash/main.go:65","msg":"Successfully executed command \"mkdir -p /workspace/source /workspace/source/charts/jenkins-x-quickstart-liberty-2\""}

Showing logs for build [32msdaschner-jenkins-x-quickstart-9xqwp-6[0m stage [32mfrom-build-pack[0m and container [32mstep-place-tools[0m

Showing logs for build [32msdaschner-jenkins-x-quickstart-9xqwp-6[0m stage [32mfrom-build-pack[0m and container [32mstep-git-source-sdaschner-jenkins-x-quickstart-4fsfg[0m
{"level":"warn","ts":1569306776.3902755,"logger":"fallback-logger","caller":"logging/config.go:69","msg":"Fetch GitHub commit ID from kodata failed: \"ref: refs/heads/master\" is not a valid GitHub commit ID"}
{"level":"info","ts":1569306777.75148,"logger":"fallback-logger","caller":"git/git.go:102","msg":"Successfully cloned https://github.com/*********/jenkins-x-quickstart-liberty-2.git @ v1.0.10 in path /workspace/source"}

Showing logs for build [32msdaschner-jenkins-x-quickstart-9xqwp-6[0m stage [32mfrom-build-pack[0m and container [32mstep-git-merge[0m
Using SHAs from PULL_REFS=master:449c2fff1b753c91941d0f5ed7611d9fa7467212
WARNING: no SHAs to merge, falling back to initial cloned commit

Showing logs for build [32msdaschner-jenkins-x-quickstart-9xqwp-6[0m stage [32mfrom-build-pack[0m and container [32mstep-setup-jx-git-credentials[0m
Generated Git credentials file /workspace/xdg_config/git/credentials

Showing logs for build [32msdaschner-jenkins-x-quickstart-9xqwp-6[0m stage [32mfrom-build-pack[0m and container [32mstep-build-mvn-deploy[0m
Picked up _JAVA_OPTIONS: -XX:+UnlockExperimentalVMOptions -Dsun.zip.disableMemoryMapping=true -XX:+UseParallelGC -XX:MinHeapFreeRatio=5 -XX:MaxHeapFreeRatio=10 -XX:GCTimeRatio=4 -XX:AdaptiveSizePolicyWeight=90 -Xms10m -Xmx192m
[INFO] Scanning for projects...
[INFO] 
[INFO] ----< io.openliberty.samples:io.openliberty.sample.getting.started >----
[INFO] Building io.openliberty.sample.getting.started 1.0.10
[INFO] --------------------------------[ war ]---------------------------------
[INFO] 
[INFO] --- maven-clean-plugin:2.5:clean (default-clean) @ io.openliberty.sample.getting.started ---
[INFO] 
[INFO] --- maven-resources-plugin:2.6:resources (default-resources) @ io.openliberty.sample.getting.started ---
[INFO] Using 'UTF-8' encoding to copy filtered resources.
[INFO] Copying 2 resources
[INFO] 
[INFO] --- maven-compiler-plugin:3.1:compile (default-compile) @ io.openliberty.sample.getting.started ---
[INFO] Changes detected - recompiling the module!
[INFO] Compiling 7 source files to /workspace/source/target/classes
[INFO] 
[INFO] --- maven-resources-plugin:2.6:testResources (default-testResources) @ io.openliberty.sample.getting.started ---
[INFO] Using 'UTF-8' encoding to copy filtered resources.
[INFO] skip non existing resourceDirectory /workspace/source/src/test/resources
[INFO] 
[INFO] --- maven-compiler-plugin:3.1:testCompile (default-testCompile) @ io.openliberty.sample.getting.started ---
[INFO] Changes detected - recompiling the module!
[INFO] Compiling 2 source files to /workspace/source/target/test-classes
[INFO] 
[INFO] --- maven-surefire-plugin:3.0.0-M1:test (default-test) @ io.openliberty.sample.getting.started ---
[INFO] 
[INFO] --- maven-war-plugin:3.2.2:war (default-war) @ io.openliberty.sample.getting.started ---
[INFO] Packaging webapp
[INFO] Assembling webapp [io.openliberty.sample.getting.started] in [/workspace/source/target/getting-started]
[INFO] Processing war project
[INFO] Copying webapp resources [/workspace/source/src/main/webapp]
[INFO] Webapp assembled in [174 msecs]
[INFO] Building war: /workspace/source/target/getting-started.war
[INFO] 
[INFO] --- maven-install-plugin:2.4:install (default-install) @ io.openliberty.sample.getting.started ---
[INFO] Installing /workspace/source/target/getting-started.war to /home/jenkins/.mvnrepository/io/openliberty/samples/io.openliberty.sample.getting.started/1.0.10/io.openliberty.sample.getting.started-1.0.10.war
[INFO] Installing /workspace/source/pom.xml to /home/jenkins/.mvnrepository/io/openliberty/samples/io.openliberty.sample.getting.started/1.0.10/io.openliberty.sample.getting.started-1.0.10.pom
[INFO] 
[INFO] --- maven-deploy-plugin:2.8.2:deploy (default-deploy) @ io.openliberty.sample.getting.started ---
[INFO] Using alternate deployment repository local-nexus::default::http://nexus/repository/maven-releases/
[INFO] ------------------------------------------------------------------------
[INFO] BUILD SUCCESS
[INFO] ------------------------------------------------------------------------
[INFO] Total time:  19.577 s
[INFO] Finished at: 2019-09-24T06:33:23Z
[INFO] ------------------------------------------------------------------------

Showing logs for build [32msdaschner-jenkins-x-quickstart-9xqwp-6[0m stage [32mfrom-build-pack[0m and container [32mstep-build-mvn-liberty-integration-test[0m
doing integration test

Showing logs for build [32msdaschner-jenkins-x-quickstart-9xqwp-6[0m stage [32mfrom-build-pack[0m and container [32mstep-build-skaffold-version[0m
v0.37.0

Showing logs for build [32msdaschner-jenkins-x-quickstart-9xqwp-6[0m stage [32mfrom-build-pack[0m and container [32mstep-build-container-build[0m
[36mINFO[0m[0000] Downloading base image open-liberty:javaee8-java12 
ERROR: logging before flag.Parse: E0924 06:33:30.435137       8 metadata.go:159] while reading 'google-dockercfg-url' metadata: http status code: 404 while fetching url http://metadata.google.internal./computeMetadata/v1/instance/attributes/google-dockercfg-url
ERROR: logging before flag.Parse: E0924 06:33:30.440668       8 metadata.go:142] while reading 'google-dockercfg' metadata: http status code: 404 while fetching url http://metadata.google.internal./computeMetadata/v1/instance/attributes/google-dockercfg
2019/09/24 06:33:30 No matching credentials were found, falling back on anonymous
[36mINFO[0m[0001] Error while retrieving image from cache: getting file info: stat /workspace/sha256:bd1da23d2d7dbbb1069acfed85885ced51c685c08a3742e1c9b3ea3ffb09b9e7: no such file or directory 
[36mINFO[0m[0001] Downloading base image open-liberty:javaee8-java12 
2019/09/24 06:33:31 No matching credentials were found, falling back on anonymous
[36mINFO[0m[0002] Using files from context: [/workspace/source/src/main/liberty/config] 
[36mINFO[0m[0002] Using files from context: [/workspace/source/target/getting-started.war] 
[36mINFO[0m[0002] Skipping unpacking as no commands require it. 
[36mINFO[0m[0002] Taking snapshot of full filesystem...        
[36mINFO[0m[0002] Using files from context: [/workspace/source/src/main/liberty/config] 
[36mINFO[0m[0002] COPY src/main/liberty/config/ /opt/ol/wlp/usr/servers/defaultServer/ 
[36mINFO[0m[0002] Taking snapshot of files...                  
[36mINFO[0m[0002] Using files from context: [/workspace/source/target/getting-started.war] 
[36mINFO[0m[0002] COPY target/*.war /opt/ol/wlp/usr/servers/defaultServer/apps/ 
[36mINFO[0m[0002] Taking snapshot of files...                  
2019/09/24 06:33:33 existing blob: sha256:95e6604b1f9944d93edf2c5e09954509053b74f45b0c3ac3ee844002100a1ca8
2019/09/24 06:33:33 existing blob: sha256:dc9b3a9a996b08c37504d908d52276e23f4d52eab7adde52bbd79fc6f504f8cf
2019/09/24 06:33:33 existing blob: sha256:3ab6e950cac5ee4dca030b691fbcbd473608dc0c30326246c59495131a33270d
2019/09/24 06:33:33 existing blob: sha256:5667fdb72017d1fb364744ca1abf7b6f3bbe9c98c3786f294a461c2866db69ab
2019/09/24 06:33:33 existing blob: sha256:5711ffff20e96702f47079acefa4eed26159baf67d15ec507122f6d32a3faa8a
2019/09/24 06:33:33 existing blob: sha256:58dbcfbb46c1c4f7a84bb599d3a25a71af7c801150fc36956a5d9631115aba07
2019/09/24 06:33:33 existing blob: sha256:68868ee752fbfa08d88a682921762e51a290556b54359d0a50926b3d2152b395
2019/09/24 06:33:33 existing blob: sha256:ee671aafb583e2321880e275c94d49a49185006730e871435cd851f42d2a775d
2019/09/24 06:33:33 existing blob: sha256:d83811f270d56d34a208f721f3dbf1b9242d1900ad8981fc7071339681998a31
2019/09/24 06:33:33 existing blob: sha256:7fc152dfb3a6b5c9a436b49ff6cd72ed7eb5f1fd349128b50ee04c3c5c2355fb
2019/09/24 06:33:33 existing blob: sha256:77a4501cce4a66344d852415e2749b763057aabec4a35b8db5fb041480e7c6c0
2019/09/24 06:33:37 pushed blob: sha256:195a4125ae8c508ad74cce509a4061563b2bef900d8201bacc7aa90b8e00f235
2019/09/24 06:33:37 pushed blob: sha256:5d0e0eefc4146a93394ea02d3e6078438d6772ea77e92eec1d964b4afc90b49f
2019/09/24 06:33:37 pushed blob: sha256:2d982c51cd1953f4b5c0032aa44ada922a58892d3289f4d9a96f726034e6c25d
2019/09/24 06:33:39 gcr.io/testing-215306/jenkins-x-quickstart-liberty-2:1.0.10: digest: sha256:7b6a43cb2a456a70d9b47f66ef41a0b90658d6e3293d0f4866186a5ba8d3bce5 size: 2374

Showing logs for build [32msdaschner-jenkins-x-quickstart-9xqwp-6[0m stage [32mfrom-build-pack[0m and container [32mstep-build-post-build[0m
no CVE provider running in the current ** namespace so skip adding image to be analysed

Showing logs for build [32msdaschner-jenkins-x-quickstart-9xqwp-6[0m stage [32mfrom-build-pack[0m and container [32mstep-promote-changelog[0m
Converted /workspace/source/charts/jenkins-x-quickstart-liberty-2 to an unshallow repository
Generating change log from git ref 4a8a808c8da39306f3695ad27d869a9578f6fc95 => f29a1ec8e772bc70cc1480bf0bbe9ed2010e3410
Associating user x-0 in users.jenkins.io with email git@sebastian-daschner.de to git GitProvider user with login -0 as emails match
Adding label jenkins.io/git-github-userid=-0 to user x-0 in users.jenkins.io
WARNING: Failed to enrich commit 449c2fff1b753c91941d0f5ed7611d9fa7467212 with issues: User.jenkins.io "x-0" is invalid: metadata.labels: Invalid value: "-0": a valid label must be an empty string or consist of alphanumeric characters, '-', '_' or '.', and must start and end with an alphanumeric character (e.g. 'MyValue',  or 'my_value',  or '12345', regex used for validation is '(([A-Za-z0-9][-A-Za-z0-9_.]*)?[A-Za-z0-9])?')
Associating user x-0 in users.jenkins.io with email git@sebastian-daschner.de to git GitProvider user with login -0 as emails match
Adding label jenkins.io/git-github-userid=-0 to user x-0 in users.jenkins.io
WARNING: Failed to enrich commit 449c2fff1b753c91941d0f5ed7611d9fa7467212 with issues: User.jenkins.io "x-0" is invalid: metadata.labels: Invalid value: "-0": a valid label must be an empty string or consist of alphanumeric characters, '-', '_' or '.', and must start and end with an alphanumeric character (e.g. 'MyValue',  or 'my_value',  or '12345', regex used for validation is '(([A-Za-z0-9][-A-Za-z0-9_.]*)?[A-Za-z0-9])?')
Finding issues in commit messages using git format
WARNING: No release found for *********/jenkins-x-quickstart-liberty-2 and tag v1.0.10 so creating a new release
Updated the release information at https://github.com/*********/jenkins-x-quickstart-liberty-2/releases/tag/v1.0.10
generated: /workspace/source/charts/jenkins-x-quickstart-liberty-2/templates/release.yaml
Created Release jenkins-x-quickstart-liberty-2-1-0-10 resource in namespace **
Updating PipelineActivity *********-jenkins-x-quickstart-liberty-2-master-6 with version 1.0.10
Updated PipelineActivities *********-jenkins-x-quickstart-liberty-2-master-6 with release notes URL: https://github.com/*********/jenkins-x-quickstart-liberty-2/releases/tag/v1.0.10

Showing logs for build [32msdaschner-jenkins-x-quickstart-9xqwp-6[0m stage [32mfrom-build-pack[0m and container [32mstep-promote-helm-release[0m
WARNING: No $CHART_REPOSITORY defined so using the default value of: http://jenkins-x-chartmuseum:8080
Adding missing Helm repo: storage.googleapis.com https://storage.googleapis.com/chartmuseum.jenkins-x.io
Successfully added Helm repository storage.googleapis.com.
Adding missing Helm repo: jenkins-x-chartmuseum http://jenkins-x-chartmuseum:8080
Successfully added Helm repository jenkins-x-chartmuseum.
WARNING: No $CHART_REPOSITORY defined so using the default value of: http://jenkins-x-chartmuseum:8080
Uploading chart file jenkins-x-quickstart-liberty-2-1.0.10.tgz to http://jenkins-x-chartmuseum:8080/api/charts
Received 201 response: {"saved":true}

Showing logs for build [32msdaschner-jenkins-x-quickstart-9xqwp-6[0m stage [32mfrom-build-pack[0m and container [32mstep-promote-jx-promote[0m
WARNING: prow based install so skip waiting for the merge of Pull Requests to go green as currently there is an issue with gettingstatuses from the PR, see https://github.com/jenkins-x/**/issues/2410
Promoting app jenkins-x-quickstart-liberty-2 version 1.0.10 to namespace **-staging
Created Pull Request: https://github.com/*********/environment-standard-cluster-1-staging/pull/7
Pull Request https://github.com/*********/environment-standard-cluster-1-staging/pull/7 is merged at sha 80bf286de766ee74d7c1a7daf016cb622f127e8b
Pull Request merged but we are not waiting for the update pipeline to complete!
